ffmpeg version 4.3.1-2020-11-19-essentials_build-www.gyan.dev Copyright (c) 2000-2020 the FFmpeg developers
  built with gcc 10.2.0 (Rev5, Built by MSYS2 project)
  configuration: --enable-gpl --enable-version3 --enable-static --disable-w32threads --disable-autodetect --enable-fontconfig --enable-iconv --enable-gnutls --enable-libxml2 --enable-gmp --enable-lzma --enable-zlib --enable-libsrt --enable-libssh --enable-libzmq --enable-avisynth --enable-sdl2 --enable-libwebp --enable-libx264 --enable-libx265 --enable-libxvid --enable-libaom --enable-libopenjpeg --enable-libvpx --enable-libass --enable-libfreetype --enable-libfribidi --enable-libvidstab --enable-libvmaf --enable-libzimg --enable-amf --enable-cuda-llvm --enable-cuvid --enable-ffnvcodec --enable-nvdec --enable-nvenc --enable-d3d11va --enable-dxva2 --enable-libmfx --enable-libgme --enable-libopenmpt --enable-libopencore-amrwb --enable-libmp3lame --enable-libtheora --enable-libvo-amrwbenc --enable-libgsm --enable-libopencore-amrnb --enable-libopus --enable-libspeex --enable-libvorbis --enable-librubberband
  libavutil      56. 51.100 / 56. 51.100
  libavcodec     58. 91.100 / 58. 91.100
  libavformat    58. 45.100 / 58. 45.100
  libavdevice    58. 10.100 / 58. 10.100
  libavfilter     7. 85.100 /  7. 85.100
  libswscale      5.  7.100 /  5.  7.100
  libswresample   3.  7.100 /  3.  7.100
  libpostproc    55.  7.100 / 55.  7.100
Splitting the commandline.
Reading option '-v' ... matched as option 'v' (set logging level) with argument 'debug'.
Reading option '-nostdin' ... matched as option 'stdin' (enable or disable interaction on standard input) with argument 0.
Reading option '-progress' ... matched as option 'progress' (write program-readable progress information) with argument 'C:/Users/migab/AppData/Local/Temp/KritaFFmpegProgress.LHyQAu'.
Reading option '-r' ... matched as option 'r' (set frame rate (Hz value, fraction or abbreviation)) with argument '24'.
Reading option '-start_number' ... matched as AVOption 'start_number' with argument '0'.
Reading option '-i' ... matched as input url with argument 'D:/ART/PersonalProjects/Video/animation/Guppy Bowl/Final/frame%04d.png'.
Reading option '-vf' ... matched as option 'vf' (set video filters) with argument 'palettegen'.
Reading option '-y' ... matched as option 'y' (overwrite output files) with argument '1'.
Reading option 'D:/ART/PersonalProjects/Video/animation/Guppy Bowl/Final/palette.png' ... matched as output url.
Finished splitting the commandline.
Parsing a group of options: global .
Applying option v (set logging level) with argument debug.
Applying option nostdin (enable or disable interaction on standard input) with argument 0.
Applying option progress (write program-readable progress information) with argument C:/Users/migab/AppData/Local/Temp/KritaFFmpegProgress.LHyQAu.
[file @ 00000252318fdf00] Setting default whitelist 'file,crypto,data'
Applying option y (overwrite output files) with argument 1.
Successfully parsed a group of options.
Parsing a group of options: input url D:/ART/PersonalProjects/Video/animation/Guppy Bowl/Final/frame%04d.png.
Applying option r (set frame rate (Hz value, fraction or abbreviation)) with argument 24.
Successfully parsed a group of options.
Opening an input file: D:/ART/PersonalProjects/Video/animation/Guppy Bowl/Final/frame%04d.png.
[image2 @ 000002523193ea80] Opening 'D:/ART/PersonalProjects/Video/animation/Guppy Bowl/Final/frame0000.png' for reading
[file @ 0000025231942080] Setting default whitelist 'file,crypto,data'
[AVIOContext @ 000002523194a280] Statistics: 607683 bytes read, 0 seeks
[image2 @ 000002523193ea80] Opening 'D:/ART/PersonalProjects/Video/animation/Guppy Bowl/Final/frame0001.png' for reading
[file @ 0000025231d948c0] Setting default whitelist 'file,crypto,data'
[AVIOContext @ 0000025231d94a40] Statistics: 607683 bytes read, 0 seeks
[image2 @ 000002523193ea80] Opening 'D:/ART/PersonalProjects/Video/animation/Guppy Bowl/Final/frame0002.png' for reading
[file @ 0000025231d94940] Setting default whitelist 'file,crypto,data'
[AVIOContext @ 0000025231e29800] Statistics: 602388 bytes read, 0 seeks
[image2 @ 000002523193ea80] Opening 'D:/ART/PersonalProjects/Video/animation/Guppy Bowl/Final/frame0003.png' for reading
[file @ 0000025231d94940] Setting default whitelist 'file,crypto,data'
[AVIOContext @ 0000025231942100] Statistics: 602688 bytes read, 0 seeks
[image2 @ 000002523193ea80] Opening 'D:/ART/PersonalProjects/Video/animation/Guppy Bowl/Final/frame0004.png' for reading
[file @ 0000025231d94940] Setting default whitelist 'file,crypto,data'
[AVIOContext @ 00000252319422c0] Statistics: 602680 bytes read, 0 seeks
[image2 @ 000002523193ea80] Opening 'D:/ART/PersonalProjects/Video/animation/Guppy Bowl/Final/frame0005.png' for reading
[file @ 0000025231d94940] Setting default whitelist 'file,crypto,data'
[AVIOContext @ 0000025231942480] Statistics: 602680 bytes read, 0 seeks
[image2 @ 000002523193ea80] Opening 'D:/ART/PersonalProjects/Video/animation/Guppy Bowl/Final/frame0006.png' for reading
[file @ 0000025231d94940] Setting default whitelist 'file,crypto,data'
[AVIOContext @ 0000025231942640] Statistics: 604986 bytes read, 0 seeks
[image2 @ 000002523193ea80] Opening 'D:/ART/PersonalProjects/Video/animation/Guppy Bowl/Final/frame0007.png' for reading
[file @ 0000025231d94940] Setting default whitelist 'file,crypto,data'
[AVIOContext @ 0000025231942800] Statistics: 604986 bytes read, 0 seeks
[image2 @ 000002523193ea80] Opening 'D:/ART/PersonalProjects/Video/animation/Guppy Bowl/Final/frame0008.png' for reading
[file @ 0000025231d94940] Setting default whitelist 'file,crypto,data'
[AVIOContext @ 00000252319429c0] Statistics: 609353 bytes read, 0 seeks
[image2 @ 000002523193ea80] Probe buffer size limit of 5000000 bytes reached
Input #0, image2, from 'D:/ART/PersonalProjects/Video/animation/Guppy Bowl/Final/frame%04d.png':
  Duration: 00:00:05.12, start: 0.000000, bitrate: N/A
    Stream #0:0, 9, 1/25: Video: png, 1 reference frame, rgba(pc), 2080x2080 [SAR 11811:11811 DAR 1:1], 0/1, 25 fps, 25 tbr, 25 tbn, 25 tbc
Successfully opened the file.
Parsing a group of options: output url D:/ART/PersonalProjects/Video/animation/Guppy Bowl/Final/palette.png.
Applying option vf (set video filters) with argument palettegen.
Successfully parsed a group of options.
Opening an output file: D:/ART/PersonalProjects/Video/animation/Guppy Bowl/Final/palette.png.
Successfully opened the file.
detected 12 logical cores
Stream mapping:
  Stream #0:0 -> #0:0 (png (native) -> png (native))
cur_dts is invalid st:0 (0) [init:0 i_done:0 finish:0] (this is harmless if it occurs once at the start per stream)
    Last message repeated 9 times
[image2 @ 000002523193ea80] Opening 'D:/ART/PersonalProjects/Video/animation/Guppy Bowl/Final/frame0009.png' for reading
[file @ 0000025231e29780] Setting default whitelist 'file,crypto,data'
[AVIOContext @ 0000025231d94800] Statistics: 615577 bytes read, 0 seeks
cur_dts is invalid st:0 (0) [init:0 i_done:0 finish:0] (this is harmless if it occurs once at the start per stream)
[image2 @ 000002523193ea80] Opening 'D:/ART/PersonalProjects/Video/animation/Guppy Bowl/Final/frame0010.png' for reading
[file @ 0000025231e29780] Setting default whitelist 'file,crypto,data'
[AVIOContext @ 0000025231d94800] Statistics: 612651 bytes read, 0 seeks
cur_dts is invalid st:0 (0) [init:0 i_done:0 finish:0] (this is harmless if it occurs once at the start per stream)
[image2 @ 000002523193ea80] Opening 'D:/ART/PersonalProjects/Video/animation/Guppy Bowl/Final/frame0011.png' for reading
[file @ 0000025231e29780] Setting default whitelist 'file,crypto,data'
[AVIOContext @ 0000025231d94800] Statistics: 612651 bytes read, 0 seeks
cur_dts is invalid st:0 (0) [init:0 i_done:0 finish:0] (this is harmless if it occurs once at the start per stream)
[image2 @ 000002523193ea80] Opening 'D:/ART/PersonalProjects/Video/animation/Guppy Bowl/Final/frame0012.png' for reading
[file @ 0000025231e29780] Setting default whitelist 'file,crypto,data'
[AVIOContext @ 0000025231d94800] Statistics: 613384 bytes read, 0 seeks
[graph 0 input from stream 0:0 @ 00000252319425c0] Setting 'video_size' to value '2080x2080'
[graph 0 input from stream 0:0 @ 00000252319425c0] Setting 'pix_fmt' to value '26'
[graph 0 input from stream 0:0 @ 00000252319425c0] Setting 'time_base' to value '1/24'
[graph 0 input from stream 0:0 @ 00000252319425c0] Setting 'pixel_aspect' to value '11811/11811'
[graph 0 input from stream 0:0 @ 00000252319425c0] Setting 'frame_rate' to value '24/1'
[graph 0 input from stream 0:0 @ 00000252319425c0] w:2080 h:2080 pixfmt:rgba tb:1/24 fr:24/1 sar:11811/11811
[format @ 0000025231942080] Setting 'pix_fmts' to value 'rgb24|rgba|rgb48be|rgba64be|pal8|gray|ya8|gray16be|ya16be|monob'
[auto_scaler_0 @ 0000025233347340] Setting 'flags' to value 'bicubic'
[auto_scaler_0 @ 0000025233347340] w:iw h:ih flags:'bicubic' interl:0
[Parsed_palettegen_0 @ 0000025230047940] auto-inserting filter 'auto_scaler_0' between the filter 'graph 0 input from stream 0:0' and the filter 'Parsed_palettegen_0'
[auto_scaler_1 @ 0000025233347540] Setting 'flags' to value 'bicubic'
[auto_scaler_1 @ 0000025233347540] w:iw h:ih flags:'bicubic' interl:0
[format @ 0000025231942080] auto-inserting filter 'auto_scaler_1' between the filter 'Parsed_palettegen_0' and the filter 'format'
[AVFilterGraph @ 0000025231e29780] query_formats: 4 queried, 1 merged, 2 already done, 0 delayed
[auto_scaler_1 @ 0000025233347540] picking rgba out of 10 ref:bgra alpha:1
[swscaler @ 0000025233350480] Forcing full internal H chroma due to input having non subsampled chroma
[auto_scaler_0 @ 0000025233347340] w:2080 h:2080 fmt:rgba sar:11811/11811 -> w:2080 h:2080 fmt:bgra sar:1/1 flags:0x4
[swscaler @ 000002523bb1d000] Forcing full internal H chroma due to input having non subsampled chroma
[auto_scaler_1 @ 0000025233347540] w:16 h:16 fmt:bgra sar:1/1 -> w:16 h:16 fmt:rgba sar:1/1 flags:0x4
Output #0, image2, to 'D:/ART/PersonalProjects/Video/animation/Guppy Bowl/Final/palette.png':
  Metadata:
    encoder         : Lavf58.45.100
    Stream #0:0, 0, 1/24: Video: png, 1 reference frame, rgba, 16x16 [SAR 1:1 DAR 1:1], 0/1, q=2-31, 200 kb/s, 24 fps, 24 tbn, 24 tbc
    Metadata:
      encoder         : Lavc58.91.100 png
cur_dts is invalid st:0 (0) [init:1 i_done:0 finish:0] (this is harmless if it occurs once at the start per stream)
[image2 @ 000002523193ea80] Opening 'D:/ART/PersonalProjects/Video/animation/Guppy Bowl/Final/frame0013.png' for reading
[file @ 0000025233346740] Setting default whitelist 'file,crypto,data'
[AVIOContext @ 0000025233349c40] Statistics: 613384 bytes read, 0 seeks
cur_dts is invalid st:0 (0) [init:1 i_done:0 finish:0] (this is harmless if it occurs once at the start per stream)
[image2 @ 000002523193ea80] Opening 'D:/ART/PersonalProjects/Video/animation/Guppy Bowl/Final/frame0014.png' for reading
[file @ 0000025233347a40] Setting default whitelist 'file,crypto,data'
[AVIOContext @ 0000025233349c40] Statistics: 617281 bytes read, 0 seeks
cur_dts is invalid st:0 (0) [init:1 i_done:0 finish:0] (this is harmless if it occurs once at the start per stream)
[image2 @ 000002523193ea80] Opening 'D:/ART/PersonalProjects/Video/animation/Guppy Bowl/Final/frame0015.png' for reading
[file @ 0000025233346b40] Setting default whitelist 'file,crypto,data'
[AVIOContext @ 0000025233349d80] Statistics: 616700 bytes read, 0 seeks
cur_dts is invalid st:0 (0) [init:1 i_done:0 finish:0] (this is harmless if it occurs once at the start per stream)
[image2 @ 000002523193ea80] Opening 'D:/ART/PersonalProjects/Video/animation/Guppy Bowl/Final/frame0016.png' for reading
[file @ 0000025233347440] Setting default whitelist 'file,crypto,data'
[AVIOContext @ 0000025233349d80] Statistics: 627895 bytes read, 0 seeks
cur_dts is invalid st:0 (0) [init:1 i_done:0 finish:0] (this is harmless if it occurs once at the start per stream)
[image2 @ 000002523193ea80] Opening 'D:/ART/PersonalProjects/Video/animation/Guppy Bowl/Final/frame0017.png' for reading
[file @ 0000025233346d40] Setting default whitelist 'file,crypto,data'
[AVIOContext @ 00000252333495c0] Statistics: 627895 bytes read, 0 seeks
cur_dts is invalid st:0 (0) [init:1 i_done:0 finish:0] (this is harmless if it occurs once at the start per stream)
[image2 @ 000002523193ea80] Opening 'D:/ART/PersonalProjects/Video/animation/Guppy Bowl/Final/frame0018.png' for reading
[file @ 0000025233347e40] Setting default whitelist 'file,crypto,data'
[AVIOContext @ 00000252333499c0] Statistics: 614008 bytes read, 0 seeks
cur_dts is invalid st:0 (0) [init:1 i_done:0 finish:0] (this is harmless if it occurs once at the start per stream)
[image2 @ 000002523193ea80] Opening 'D:/ART/PersonalProjects/Video/animation/Guppy Bowl/Final/frame0019.png' for reading
[file @ 0000025233347940] Setting default whitelist 'file,crypto,data'
[AVIOContext @ 0000025233349840] Statistics: 614008 bytes read, 0 seeks
cur_dts is invalid st:0 (0) [init:1 i_done:0 finish:0] (this is harmless if it occurs once at the start per stream)
[image2 @ 000002523193ea80] Opening 'D:/ART/PersonalProjects/Video/animation/Guppy Bowl/Final/frame0020.png' for reading
[file @ 0000025233346d40] Setting default whitelist 'file,crypto,data'
[AVIOContext @ 000002523334a040] Statistics: 609412 bytes read, 0 seeks
cur_dts is invalid st:0 (0) [init:1 i_done:0 finish:0] (this is harmless if it occurs once at the start per stream)
[image2 @ 000002523193ea80] Opening 'D:/ART/PersonalProjects/Video/animation/Guppy Bowl/Final/frame0021.png' for reading
[file @ 0000025233346c40] Setting default whitelist 'file,crypto,data'
[AVIOContext @ 0000025233349f00] Statistics: 607001 bytes read, 0 seeks
cur_dts is invalid st:0 (0) [init:1 i_done:0 finish:0] (this is harmless if it occurs once at the start per stream)
[image2 @ 000002523193ea80] Opening 'D:/ART/PersonalProjects/Video/animation/Guppy Bowl/Final/frame0022.png' for reading
[file @ 0000025233346840] Setting default whitelist 'file,crypto,data'
[AVIOContext @ 000002523334a040] Statistics: 616350 bytes read, 0 seeks
cur_dts is invalid st:0 (0) [init:1 i_done:0 finish:0] (this is harmless if it occurs once at the start per stream)
[image2 @ 000002523193ea80] Opening 'D:/ART/PersonalProjects/Video/animation/Guppy Bowl/Final/frame0023.png' for reading
[file @ 0000025233346740] Setting default whitelist 'file,crypto,data'
[AVIOContext @ 00000252333495c0] Statistics: 616350 bytes read, 0 seeks
cur_dts is invalid st:0 (0) [init:1 i_done:0 finish:0] (this is harmless if it occurs once at the start per stream)
[image2 @ 000002523193ea80] Opening 'D:/ART/PersonalProjects/Video/animation/Guppy Bowl/Final/frame0024.png' for reading
[file @ 0000025233347840] Setting default whitelist 'file,crypto,data'
[AVIOContext @ 0000025233349b00] Statistics: 619401 bytes read, 0 seeks
cur_dts is invalid st:0 (0) [init:1 i_done:0 finish:0] (this is harmless if it occurs once at the start per stream)
[image2 @ 000002523193ea80] Opening 'D:/ART/PersonalProjects/Video/animation/Guppy Bowl/Final/frame0025.png' for reading
[file @ 0000025233346740] Setting default whitelist 'file,crypto,data'
[AVIOContext @ 0000025233349d80] Statistics: 619401 bytes read, 0 seeks
cur_dts is invalid st:0 (0) [init:1 i_done:0 finish:0] (this is harmless if it occurs once at the start per stream)
[image2 @ 000002523193ea80] Opening 'D:/ART/PersonalProjects/Video/animation/Guppy Bowl/Final/frame0026.png' for reading
[file @ 0000025233346940] Setting default whitelist 'file,crypto,data'
[AVIOContext @ 0000025233349840] Statistics: 613976 bytes read, 0 seeks
cur_dts is invalid st:0 (0) [init:1 i_done:0 finish:0] (this is harmless if it occurs once at the start per stream)
[image2 @ 000002523193ea80] Opening 'D:/ART/PersonalProjects/Video/animation/Guppy Bowl/Final/frame0027.png' for reading
[file @ 0000025233347640] Setting default whitelist 'file,crypto,data'
[AVIOContext @ 0000025233349840] Statistics: 621114 bytes read, 0 seeks
cur_dts is invalid st:0 (0) [init:1 i_done:0 finish:0] (this is harmless if it occurs once at the start per stream)
[image2 @ 000002523193ea80] Opening 'D:/ART/PersonalProjects/Video/animation/Guppy Bowl/Final/frame0028.png' for reading
[file @ 0000025233347040] Setting default whitelist 'file,crypto,data'
[AVIOContext @ 000002523334a040] Statistics: 623700 bytes read, 0 seeks
cur_dts is invalid st:0 (0) [init:1 i_done:0 finish:0] (this is harmless if it occurs once at the start per stream)
[image2 @ 000002523193ea80] Opening 'D:/ART/PersonalProjects/Video/animation/Guppy Bowl/Final/frame0029.png' for reading
[file @ 0000025233347640] Setting default whitelist 'file,crypto,data'
[AVIOContext @ 0000025233349700] Statistics: 623700 bytes read, 0 seeks
cur_dts is invalid st:0 (0) [init:1 i_done:0 finish:0] (this is harmless if it occurs once at the start per stream)
[image2 @ 000002523193ea80] Opening 'D:/ART/PersonalProjects/Video/animation/Guppy Bowl/Final/frame0030.png' for reading
[file @ 0000025233347140] Setting default whitelist 'file,crypto,data'
[AVIOContext @ 00000252333495c0] Statistics: 613426 bytes read, 0 seeks
cur_dts is invalid st:0 (0) [init:1 i_done:0 finish:0] (this is harmless if it occurs once at the start per stream)
[image2 @ 000002523193ea80] Opening 'D:/ART/PersonalProjects/Video/animation/Guppy Bowl/Final/frame0031.png' for reading
[file @ 0000025233347240] Setting default whitelist 'file,crypto,data'
[AVIOContext @ 00000252333495c0] Statistics: 613426 bytes read, 0 seeks
cur_dts is invalid st:0 (0) [init:1 i_done:0 finish:0] (this is harmless if it occurs once at the start per stream)
[image2 @ 000002523193ea80] Opening 'D:/ART/PersonalProjects/Video/animation/Guppy Bowl/Final/frame0032.png' for reading
[file @ 0000025233346b40] Setting default whitelist 'file,crypto,data'
[AVIOContext @ 0000025233349480] Statistics: 615553 bytes read, 0 seeks
cur_dts is invalid st:0 (0) [init:1 i_done:0 finish:0] (this is harmless if it occurs once at the start per stream)
[image2 @ 000002523193ea80] Opening 'D:/ART/PersonalProjects/Video/animation/Guppy Bowl/Final/frame0033.png' for reading
[file @ 0000025233347040] Setting default whitelist 'file,crypto,data'
[AVIOContext @ 000002523334a040] Statistics: 611176 bytes read, 0 seeks
cur_dts is invalid st:0 (0) [init:1 i_done:0 finish:0] (this is harmless if it occurs once at the start per stream)
[image2 @ 000002523193ea80] Opening 'D:/ART/PersonalProjects/Video/animation/Guppy Bowl/Final/frame0034.png' for reading
[file @ 0000025233346540] Setting default whitelist 'file,crypto,data'
[AVIOContext @ 0000025233349c40] Statistics: 613565 bytes read, 0 seeks
frame=    0 fps=0.0 q=0.0 size=N/A time=00:00:00.00 bitrate=N/A speed=   0x    cur_dts is invalid st:0 (0) [init:1 i_done:0 finish:0] (this is harmless if it occurs once at the start per stream)
[image2 @ 000002523193ea80] Opening 'D:/ART/PersonalProjects/Video/animation/Guppy Bowl/Final/frame0035.png' for reading
[file @ 0000025233347440] Setting default whitelist 'file,crypto,data'
[AVIOContext @ 00000252333495c0] Statistics: 613565 bytes read, 0 seeks
cur_dts is invalid st:0 (0) [init:1 i_done:0 finish:0] (this is harmless if it occurs once at the start per stream)
[image2 @ 000002523193ea80] Opening 'D:/ART/PersonalProjects/Video/animation/Guppy Bowl/Final/frame0036.png' for reading
[file @ 0000025233346640] Setting default whitelist 'file,crypto,data'
[AVIOContext @ 0000025233349f00] Statistics: 604277 bytes read, 0 seeks
cur_dts is invalid st:0 (0) [init:1 i_done:0 finish:0] (this is harmless if it occurs once at the start per stream)
[image2 @ 000002523193ea80] Opening 'D:/ART/PersonalProjects/Video/animation/Guppy Bowl/Final/frame0037.png' for reading
[file @ 0000025233347a40] Setting default whitelist 'file,crypto,data'
[AVIOContext @ 0000025233349700] Statistics: 604277 bytes read, 0 seeks
cur_dts is invalid st:0 (0) [init:1 i_done:0 finish:0] (this is harmless if it occurs once at the start per stream)
[image2 @ 000002523193ea80] Opening 'D:/ART/PersonalProjects/Video/animation/Guppy Bowl/Final/frame0038.png' for reading
[file @ 0000025233347940] Setting default whitelist 'file,crypto,data'
[AVIOContext @ 0000025233349f00] Statistics: 600216 bytes read, 0 seeks
cur_dts is invalid st:0 (0) [init:1 i_done:0 finish:0] (this is harmless if it occurs once at the start per stream)
[image2 @ 000002523193ea80] Opening 'D:/ART/PersonalProjects/Video/animation/Guppy Bowl/Final/frame0039.png' for reading
[file @ 0000025233347640] Setting default whitelist 'file,crypto,data'
[AVIOContext @ 00000252333495c0] Statistics: 604977 bytes read, 0 seeks
cur_dts is invalid st:0 (0) [init:1 i_done:0 finish:0] (this is harmless if it occurs once at the start per stream)
[image2 @ 000002523193ea80] Opening 'D:/ART/PersonalProjects/Video/animation/Guppy Bowl/Final/frame0040.png' for reading
[file @ 0000025233346f40] Setting default whitelist 'file,crypto,data'
[AVIOContext @ 00000252333499c0] Statistics: 599112 bytes read, 0 seeks
cur_dts is invalid st:0 (0) [init:1 i_done:0 finish:0] (this is harmless if it occurs once at the start per stream)
[image2 @ 000002523193ea80] Opening 'D:/ART/PersonalProjects/Video/animation/Guppy Bowl/Final/frame0041.png' for reading
[file @ 0000025233347140] Setting default whitelist 'file,crypto,data'
[AVIOContext @ 00000252333495c0] Statistics: 599112 bytes read, 0 seeks
cur_dts is invalid st:0 (0) [init:1 i_done:0 finish:0] (this is harmless if it occurs once at the start per stream)
[image2 @ 000002523193ea80] Opening 'D:/ART/PersonalProjects/Video/animation/Guppy Bowl/Final/frame0042.png' for reading
[file @ 0000025233347440] Setting default whitelist 'file,crypto,data'
[AVIOContext @ 00000252333499c0] Statistics: 598368 bytes read, 0 seeks
cur_dts is invalid st:0 (0) [init:1 i_done:0 finish:0] (this is harmless if it occurs once at the start per stream)
[image2 @ 000002523193ea80] Opening 'D:/ART/PersonalProjects/Video/animation/Guppy Bowl/Final/frame0043.png' for reading
[file @ 0000025233347640] Setting default whitelist 'file,crypto,data'
[AVIOContext @ 00000252333495c0] Statistics: 598368 bytes read, 0 seeks
cur_dts is invalid st:0 (0) [init:1 i_done:0 finish:0] (this is harmless if it occurs once at the start per stream)
[image2 @ 000002523193ea80] Opening 'D:/ART/PersonalProjects/Video/animation/Guppy Bowl/Final/frame0044.png' for reading
[file @ 0000025233346d40] Setting default whitelist 'file,crypto,data'
[AVIOContext @ 000002523334a040] Statistics: 595001 bytes read, 0 seeks
cur_dts is invalid st:0 (0) [init:1 i_done:0 finish:0] (this is harmless if it occurs once at the start per stream)
[image2 @ 000002523193ea80] Opening 'D:/ART/PersonalProjects/Video/animation/Guppy Bowl/Final/frame0045.png' for reading
[file @ 0000025233346d40] Setting default whitelist 'file,crypto,data'
[AVIOContext @ 000002523334a040] Statistics: 592573 bytes read, 0 seeks
cur_dts is invalid st:0 (0) [init:1 i_done:0 finish:0] (this is harmless if it occurs once at the start per stream)
[image2 @ 000002523193ea80] Opening 'D:/ART/PersonalProjects/Video/animation/Guppy Bowl/Final/frame0046.png' for reading
[file @ 0000025233346f40] Setting default whitelist 'file,crypto,data'
[AVIOContext @ 000002523334a040] Statistics: 590473 bytes read, 0 seeks
cur_dts is invalid st:0 (0) [init:1 i_done:0 finish:0] (this is harmless if it occurs once at the start per stream)
[image2 @ 000002523193ea80] Opening 'D:/ART/PersonalProjects/Video/animation/Guppy Bowl/Final/frame0047.png' for reading
[file @ 0000025233346b40] Setting default whitelist 'file,crypto,data'
[AVIOContext @ 0000025233349840] Statistics: 590473 bytes read, 0 seeks
cur_dts is invalid st:0 (0) [init:1 i_done:0 finish:0] (this is harmless if it occurs once at the start per stream)
[image2 @ 000002523193ea80] Opening 'D:/ART/PersonalProjects/Video/animation/Guppy Bowl/Final/frame0048.png' for reading
[file @ 0000025233347640] Setting default whitelist 'file,crypto,data'
[AVIOContext @ 0000025233349840] Statistics: 590052 bytes read, 0 seeks
cur_dts is invalid st:0 (0) [init:1 i_done:0 finish:0] (this is harmless if it occurs once at the start per stream)
[image2 @ 000002523193ea80] Opening 'D:/ART/PersonalProjects/Video/animation/Guppy Bowl/Final/frame0049.png' for reading
[file @ 0000025233347b40] Setting default whitelist 'file,crypto,data'
[AVIOContext @ 000002523334a040] Statistics: 590052 bytes read, 0 seeks
cur_dts is invalid st:0 (0) [init:1 i_done:0 finish:0] (this is harmless if it occurs once at the start per stream)
[image2 @ 000002523193ea80] Opening 'D:/ART/PersonalProjects/Video/animation/Guppy Bowl/Final/frame0050.png' for reading
[file @ 0000025233347b40] Setting default whitelist 'file,crypto,data'
[AVIOContext @ 000002523334a180] Statistics: 584468 bytes read, 0 seeks
cur_dts is invalid st:0 (0) [init:1 i_done:0 finish:0] (this is harmless if it occurs once at the start per stream)
[image2 @ 000002523193ea80] Opening 'D:/ART/PersonalProjects/Video/animation/Guppy Bowl/Final/frame0051.png' for reading
[file @ 0000025233347b40] Setting default whitelist 'file,crypto,data'
[AVIOContext @ 0000025233349840] Statistics: 589956 bytes read, 0 seeks
cur_dts is invalid st:0 (0) [init:1 i_done:0 finish:0] (this is harmless if it occurs once at the start per stream)
[image2 @ 000002523193ea80] Opening 'D:/ART/PersonalProjects/Video/animation/Guppy Bowl/Final/frame0052.png' for reading
[file @ 0000025233346d40] Setting default whitelist 'file,crypto,data'
[AVIOContext @ 0000025233349700] Statistics: 592423 bytes read, 0 seeks
cur_dts is invalid st:0 (0) [init:1 i_done:0 finish:0] (this is harmless if it occurs once at the start per stream)
[image2 @ 000002523193ea80] Opening 'D:/ART/PersonalProjects/Video/animation/Guppy Bowl/Final/frame0053.png' for reading
[file @ 0000025233346c40] Setting default whitelist 'file,crypto,data'
[AVIOContext @ 0000025233349d80] Statistics: 592423 bytes read, 0 seeks
cur_dts is invalid st:0 (0) [init:1 i_done:0 finish:0] (this is harmless if it occurs once at the start per stream)
[image2 @ 000002523193ea80] Opening 'D:/ART/PersonalProjects/Video/animation/Guppy Bowl/Final/frame0054.png' for reading
[file @ 0000025233346440] Setting default whitelist 'file,crypto,data'
[AVIOContext @ 000002523334a040] Statistics: 587269 bytes read, 0 seeks
cur_dts is invalid st:0 (0) [init:1 i_done:0 finish:0] (this is harmless if it occurs once at the start per stream)
[image2 @ 000002523193ea80] Opening 'D:/ART/PersonalProjects/Video/animation/Guppy Bowl/Final/frame0055.png' for reading
[file @ 0000025233348040] Setting default whitelist 'file,crypto,data'
[AVIOContext @ 0000025233349c40] Statistics: 587269 bytes read, 0 seeks
frame=    0 fps=0.0 q=0.0 size=N/A time=00:00:00.00 bitrate=N/A speed=   0x    cur_dts is invalid st:0 (0) [init:1 i_done:0 finish:0] (this is harmless if it occurs once at the start per stream)
[image2 @ 000002523193ea80] Opening 'D:/ART/PersonalProjects/Video/animation/Guppy Bowl/Final/frame0056.png' for reading
[file @ 0000025233347840] Setting default whitelist 'file,crypto,data'
[AVIOContext @ 0000025233349700] Statistics: 590455 bytes read, 0 seeks
cur_dts is invalid st:0 (0) [init:1 i_done:0 finish:0] (this is harmless if it occurs once at the start per stream)
[image2 @ 000002523193ea80] Opening 'D:/ART/PersonalProjects/Video/animation/Guppy Bowl/Final/frame0057.png' for reading
[file @ 0000025233346840] Setting default whitelist 'file,crypto,data'
[AVIOContext @ 0000025233349d80] Statistics: 593044 bytes read, 0 seeks
cur_dts is invalid st:0 (0) [init:1 i_done:0 finish:0] (this is harmless if it occurs once at the start per stream)
[image2 @ 000002523193ea80] Opening 'D:/ART/PersonalProjects/Video/animation/Guppy Bowl/Final/frame0058.png' for reading
[file @ 0000025233346e40] Setting default whitelist 'file,crypto,data'
[AVIOContext @ 0000025233349b00] Statistics: 591735 bytes read, 0 seeks
cur_dts is invalid st:0 (0) [init:1 i_done:0 finish:0] (this is harmless if it occurs once at the start per stream)
[image2 @ 000002523193ea80] Opening 'D:/ART/PersonalProjects/Video/animation/Guppy Bowl/Final/frame0059.png' for reading
[file @ 0000025233347140] Setting default whitelist 'file,crypto,data'
[AVIOContext @ 0000025233349c40] Statistics: 591735 bytes read, 0 seeks
cur_dts is invalid st:0 (0) [init:1 i_done:0 finish:0] (this is harmless if it occurs once at the start per stream)
[image2 @ 000002523193ea80] Opening 'D:/ART/PersonalProjects/Video/animation/Guppy Bowl/Final/frame0060.png' for reading
[file @ 0000025233347240] Setting default whitelist 'file,crypto,data'
[AVIOContext @ 0000025233349480] Statistics: 599302 bytes read, 0 seeks
cur_dts is invalid st:0 (0) [init:1 i_done:0 finish:0] (this is harmless if it occurs once at the start per stream)
[image2 @ 000002523193ea80] Opening 'D:/ART/PersonalProjects/Video/animation/Guppy Bowl/Final/frame0061.png' for reading
[file @ 0000025233347740] Setting default whitelist 'file,crypto,data'
[AVIOContext @ 000002523334a040] Statistics: 599302 bytes read, 0 seeks
cur_dts is invalid st:0 (0) [init:1 i_done:0 finish:0] (this is harmless if it occurs once at the start per stream)
[image2 @ 000002523193ea80] Opening 'D:/ART/PersonalProjects/Video/animation/Guppy Bowl/Final/frame0062.png' for reading
[file @ 0000025233347d40] Setting default whitelist 'file,crypto,data'
[AVIOContext @ 000002523334a180] Statistics: 612515 bytes read, 0 seeks
cur_dts is invalid st:0 (0) [init:1 i_done:0 finish:0] (this is harmless if it occurs once at the start per stream)
[image2 @ 000002523193ea80] Opening 'D:/ART/PersonalProjects/Video/animation/Guppy Bowl/Final/frame0063.png' for reading
[file @ 0000025233346b40] Setting default whitelist 'file,crypto,data'
[AVIOContext @ 000002523334a040] Statistics: 615061 bytes read, 0 seeks
cur_dts is invalid st:0 (0) [init:1 i_done:0 finish:0] (this is harmless if it occurs once at the start per stream)
[image2 @ 000002523193ea80] Opening 'D:/ART/PersonalProjects/Video/animation/Guppy Bowl/Final/frame0064.png' for reading
[file @ 0000025233347640] Setting default whitelist 'file,crypto,data'
[AVIOContext @ 00000252333495c0] Statistics: 623006 bytes read, 0 seeks
cur_dts is invalid st:0 (0) [init:1 i_done:0 finish:0] (this is harmless if it occurs once at the start per stream)
[image2 @ 000002523193ea80] Opening 'D:/ART/PersonalProjects/Video/animation/Guppy Bowl/Final/frame0065.png' for reading
[file @ 0000025233346e40] Setting default whitelist 'file,crypto,data'
[AVIOContext @ 0000025233349700] Statistics: 623006 bytes read, 0 seeks
cur_dts is invalid st:0 (0) [init:1 i_done:0 finish:0] (this is harmless if it occurs once at the start per stream)
[image2 @ 000002523193ea80] Opening 'D:/ART/PersonalProjects/Video/animation/Guppy Bowl/Final/frame0066.png' for reading
[file @ 0000025233347840] Setting default whitelist 'file,crypto,data'
[AVIOContext @ 00000252333495c0] Statistics: 629602 bytes read, 0 seeks
cur_dts is invalid st:0 (0) [init:1 i_done:0 finish:0] (this is harmless if it occurs once at the start per stream)
[image2 @ 000002523193ea80] Opening 'D:/ART/PersonalProjects/Video/animation/Guppy Bowl/Final/frame0067.png' for reading
[file @ 0000025233347640] Setting default whitelist 'file,crypto,data'
[AVIOContext @ 0000025233349480] Statistics: 629602 bytes read, 0 seeks
cur_dts is invalid st:0 (0) [init:1 i_done:0 finish:0] (this is harmless if it occurs once at the start per stream)
[image2 @ 000002523193ea80] Opening 'D:/ART/PersonalProjects/Video/animation/Guppy Bowl/Final/frame0068.png' for reading
[file @ 0000025233347940] Setting default whitelist 'file,crypto,data'
[AVIOContext @ 0000025233349c40] Statistics: 628262 bytes read, 0 seeks
cur_dts is invalid st:0 (0) [init:1 i_done:0 finish:0] (this is harmless if it occurs once at the start per stream)
[image2 @ 000002523193ea80] Opening 'D:/ART/PersonalProjects/Video/animation/Guppy Bowl/Final/frame0069.png' for reading
[file @ 0000025233347440] Setting default whitelist 'file,crypto,data'
[AVIOContext @ 00000252333495c0] Statistics: 624643 bytes read, 0 seeks
cur_dts is invalid st:0 (0) [init:1 i_done:0 finish:0] (this is harmless if it occurs once at the start per stream)
[image2 @ 000002523193ea80] Opening 'D:/ART/PersonalProjects/Video/animation/Guppy Bowl/Final/frame0070.png' for reading
[file @ 0000025233347640] Setting default whitelist 'file,crypto,data'
[AVIOContext @ 0000025233349700] Statistics: 633445 bytes read, 0 seeks
cur_dts is invalid st:0 (0) [init:1 i_done:0 finish:0] (this is harmless if it occurs once at the start per stream)
[image2 @ 000002523193ea80] Opening 'D:/ART/PersonalProjects/Video/animation/Guppy Bowl/Final/frame0071.png' for reading
[file @ 0000025233346540] Setting default whitelist 'file,crypto,data'
[AVIOContext @ 0000025233349840] Statistics: 633445 bytes read, 0 seeks
cur_dts is invalid st:0 (0) [init:1 i_done:0 finish:0] (this is harmless if it occurs once at the start per stream)
[image2 @ 000002523193ea80] Opening 'D:/ART/PersonalProjects/Video/animation/Guppy Bowl/Final/frame0072.png' for reading
[file @ 0000025233347940] Setting default whitelist 'file,crypto,data'
[AVIOContext @ 0000025233349c40] Statistics: 627073 bytes read, 0 seeks
cur_dts is invalid st:0 (0) [init:1 i_done:0 finish:0] (this is harmless if it occurs once at the start per stream)
[image2 @ 000002523193ea80] Opening 'D:/ART/PersonalProjects/Video/animation/Guppy Bowl/Final/frame0073.png' for reading
[file @ 0000025233346740] Setting default whitelist 'file,crypto,data'
[AVIOContext @ 00000252333499c0] Statistics: 627073 bytes read, 0 seeks
cur_dts is invalid st:0 (0) [init:1 i_done:0 finish:0] (this is harmless if it occurs once at the start per stream)
[image2 @ 000002523193ea80] Opening 'D:/ART/PersonalProjects/Video/animation/Guppy Bowl/Final/frame0074.png' for reading
[file @ 0000025233346440] Setting default whitelist 'file,crypto,data'
[AVIOContext @ 0000025233349f00] Statistics: 623502 bytes read, 0 seeks
cur_dts is invalid st:0 (0) [init:1 i_done:0 finish:0] (this is harmless if it occurs once at the start per stream)
[image2 @ 000002523193ea80] Opening 'D:/ART/PersonalProjects/Video/animation/Guppy Bowl/Final/frame0075.png' for reading
[file @ 0000025233346d40] Setting default whitelist 'file,crypto,data'
[AVIOContext @ 000002523334a040] Statistics: 615466 bytes read, 0 seeks
cur_dts is invalid st:0 (0) [init:1 i_done:0 finish:0] (this is harmless if it occurs once at the start per stream)
[image2 @ 000002523193ea80] Opening 'D:/ART/PersonalProjects/Video/animation/Guppy Bowl/Final/frame0076.png' for reading
[file @ 0000025233347740] Setting default whitelist 'file,crypto,data'
[AVIOContext @ 000002523334a180] Statistics: 605195 bytes read, 0 seeks
frame=    0 fps=0.0 q=0.0 size=N/A time=00:00:00.00 bitrate=N/A speed=   0x    cur_dts is invalid st:0 (0) [init:1 i_done:0 finish:0] (this is harmless if it occurs once at the start per stream)
[image2 @ 000002523193ea80] Opening 'D:/ART/PersonalProjects/Video/animation/Guppy Bowl/Final/frame0077.png' for reading
[file @ 0000025233346b40] Setting default whitelist 'file,crypto,data'
[AVIOContext @ 000002523334a040] Statistics: 605195 bytes read, 0 seeks
cur_dts is invalid st:0 (0) [init:1 i_done:0 finish:0] (this is harmless if it occurs once at the start per stream)
[image2 @ 000002523193ea80] Opening 'D:/ART/PersonalProjects/Video/animation/Guppy Bowl/Final/frame0078.png' for reading
[file @ 0000025233347040] Setting default whitelist 'file,crypto,data'
[AVIOContext @ 0000025233349b00] Statistics: 611028 bytes read, 0 seeks
cur_dts is invalid st:0 (0) [init:1 i_done:0 finish:0] (this is harmless if it occurs once at the start per stream)
[image2 @ 000002523193ea80] Opening 'D:/ART/PersonalProjects/Video/animation/Guppy Bowl/Final/frame0079.png' for reading
[file @ 0000025233346b40] Setting default whitelist 'file,crypto,data'
[AVIOContext @ 00000252333499c0] Statistics: 611028 bytes read, 0 seeks
cur_dts is invalid st:0 (0) [init:1 i_done:0 finish:0] (this is harmless if it occurs once at the start per stream)
[image2 @ 000002523193ea80] Opening 'D:/ART/PersonalProjects/Video/animation/Guppy Bowl/Final/frame0080.png' for reading
[file @ 0000025233346b40] Setting default whitelist 'file,crypto,data'
[AVIOContext @ 0000025233349700] Statistics: 609091 bytes read, 0 seeks
cur_dts is invalid st:0 (0) [init:1 i_done:0 finish:0] (this is harmless if it occurs once at the start per stream)
[image2 @ 000002523193ea80] Opening 'D:/ART/PersonalProjects/Video/animation/Guppy Bowl/Final/frame0081.png' for reading
[file @ 0000025233347a40] Setting default whitelist 'file,crypto,data'
[AVIOContext @ 0000025233349b00] Statistics: 609702 bytes read, 0 seeks
cur_dts is invalid st:0 (0) [init:1 i_done:0 finish:0] (this is harmless if it occurs once at the start per stream)
[image2 @ 000002523193ea80] Opening 'D:/ART/PersonalProjects/Video/animation/Guppy Bowl/Final/frame0082.png' for reading
[file @ 0000025233346d40] Setting default whitelist 'file,crypto,data'
[AVIOContext @ 0000025233349d80] Statistics: 606058 bytes read, 0 seeks
cur_dts is invalid st:0 (0) [init:1 i_done:0 finish:0] (this is harmless if it occurs once at the start per stream)
[image2 @ 000002523193ea80] Opening 'D:/ART/PersonalProjects/Video/animation/Guppy Bowl/Final/frame0083.png' for reading
[file @ 0000025233346d40] Setting default whitelist 'file,crypto,data'
[AVIOContext @ 0000025233349840] Statistics: 606058 bytes read, 0 seeks
cur_dts is invalid st:0 (0) [init:1 i_done:0 finish:0] (this is harmless if it occurs once at the start per stream)
[image2 @ 000002523193ea80] Opening 'D:/ART/PersonalProjects/Video/animation/Guppy Bowl/Final/frame0084.png' for reading
[file @ 0000025233348140] Setting default whitelist 'file,crypto,data'
[AVIOContext @ 0000025233349d80] Statistics: 604644 bytes read, 0 seeks
cur_dts is invalid st:0 (0) [init:1 i_done:0 finish:0] (this is harmless if it occurs once at the start per stream)
[image2 @ 000002523193ea80] Opening 'D:/ART/PersonalProjects/Video/animation/Guppy Bowl/Final/frame0085.png' for reading
[file @ 0000025233346d40] Setting default whitelist 'file,crypto,data'
[AVIOContext @ 00000252333499c0] Statistics: 604644 bytes read, 0 seeks
cur_dts is invalid st:0 (0) [init:1 i_done:0 finish:0] (this is harmless if it occurs once at the start per stream)
[image2 @ 000002523193ea80] Opening 'D:/ART/PersonalProjects/Video/animation/Guppy Bowl/Final/frame0086.png' for reading
[file @ 0000025233348140] Setting default whitelist 'file,crypto,data'
[AVIOContext @ 0000025233349d80] Statistics: 604157 bytes read, 0 seeks
cur_dts is invalid st:0 (0) [init:1 i_done:0 finish:0] (this is harmless if it occurs once at the start per stream)
[image2 @ 000002523193ea80] Opening 'D:/ART/PersonalProjects/Video/animation/Guppy Bowl/Final/frame0087.png' for reading
[file @ 0000025233348140] Setting default whitelist 'file,crypto,data'
[AVIOContext @ 0000025233349d80] Statistics: 610275 bytes read, 0 seeks
cur_dts is invalid st:0 (0) [init:1 i_done:0 finish:0] (this is harmless if it occurs once at the start per stream)
[image2 @ 000002523193ea80] Opening 'D:/ART/PersonalProjects/Video/animation/Guppy Bowl/Final/frame0088.png' for reading
[file @ 0000025233346640] Setting default whitelist 'file,crypto,data'
[AVIOContext @ 0000025233349700] Statistics: 611851 bytes read, 0 seeks
cur_dts is invalid st:0 (0) [init:1 i_done:0 finish:0] (this is harmless if it occurs once at the start per stream)
[image2 @ 000002523193ea80] Opening 'D:/ART/PersonalProjects/Video/animation/Guppy Bowl/Final/frame0089.png' for reading
[file @ 0000025233347840] Setting default whitelist 'file,crypto,data'
[AVIOContext @ 000002523334a040] Statistics: 611851 bytes read, 0 seeks
cur_dts is invalid st:0 (0) [init:1 i_done:0 finish:0] (this is harmless if it occurs once at the start per stream)
[image2 @ 000002523193ea80] Opening 'D:/ART/PersonalProjects/Video/animation/Guppy Bowl/Final/frame0090.png' for reading
[file @ 0000025233346840] Setting default whitelist 'file,crypto,data'
[AVIOContext @ 0000025233349480] Statistics: 616867 bytes read, 0 seeks
cur_dts is invalid st:0 (0) [init:1 i_done:0 finish:0] (this is harmless if it occurs once at the start per stream)
[image2 @ 000002523193ea80] Opening 'D:/ART/PersonalProjects/Video/animation/Guppy Bowl/Final/frame0091.png' for reading
[file @ 0000025233347640] Setting default whitelist 'file,crypto,data'
[AVIOContext @ 00000252333499c0] Statistics: 616867 bytes read, 0 seeks
cur_dts is invalid st:0 (0) [init:1 i_done:0 finish:0] (this is harmless if it occurs once at the start per stream)
[image2 @ 000002523193ea80] Opening 'D:/ART/PersonalProjects/Video/animation/Guppy Bowl/Final/frame0092.png' for reading
[file @ 0000025233347740] Setting default whitelist 'file,crypto,data'
[AVIOContext @ 0000025233349480] Statistics: 614835 bytes read, 0 seeks
cur_dts is invalid st:0 (0) [init:1 i_done:0 finish:0] (this is harmless if it occurs once at the start per stream)
[image2 @ 000002523193ea80] Opening 'D:/ART/PersonalProjects/Video/animation/Guppy Bowl/Final/frame0093.png' for reading
[file @ 0000025233346c40] Setting default whitelist 'file,crypto,data'
[AVIOContext @ 0000025233349c40] Statistics: 614338 bytes read, 0 seeks
cur_dts is invalid st:0 (0) [init:1 i_done:0 finish:0] (this is harmless if it occurs once at the start per stream)
[image2 @ 000002523193ea80] Opening 'D:/ART/PersonalProjects/Video/animation/Guppy Bowl/Final/frame0094.png' for reading
[file @ 0000025233346540] Setting default whitelist 'file,crypto,data'
[AVIOContext @ 0000025233349d80] Statistics: 612566 bytes read, 0 seeks
cur_dts is invalid st:0 (0) [init:1 i_done:0 finish:0] (this is harmless if it occurs once at the start per stream)
[image2 @ 000002523193ea80] Opening 'D:/ART/PersonalProjects/Video/animation/Guppy Bowl/Final/frame0095.png' for reading
[file @ 0000025233347e40] Setting default whitelist 'file,crypto,data'
[AVIOContext @ 00000252333499c0] Statistics: 612566 bytes read, 0 seeks
cur_dts is invalid st:0 (0) [init:1 i_done:0 finish:0] (this is harmless if it occurs once at the start per stream)
[image2 @ 000002523193ea80] Opening 'D:/ART/PersonalProjects/Video/animation/Guppy Bowl/Final/frame0096.png' for reading
[file @ 0000025233346f40] Setting default whitelist 'file,crypto,data'
[AVIOContext @ 000002523334a040] Statistics: 610418 bytes read, 0 seeks
cur_dts is invalid st:0 (0) [init:1 i_done:0 finish:0] (this is harmless if it occurs once at the start per stream)
[image2 @ 000002523193ea80] Opening 'D:/ART/PersonalProjects/Video/animation/Guppy Bowl/Final/frame0097.png' for reading
[file @ 0000025233347a40] Setting default whitelist 'file,crypto,data'
[AVIOContext @ 0000025233349480] Statistics: 610418 bytes read, 0 seeks
cur_dts is invalid st:0 (0) [init:1 i_done:0 finish:0] (this is harmless if it occurs once at the start per stream)
[image2 @ 000002523193ea80] Opening 'D:/ART/PersonalProjects/Video/animation/Guppy Bowl/Final/frame0098.png' for reading
[file @ 0000025233347040] Setting default whitelist 'file,crypto,data'
[AVIOContext @ 0000025233349c40] Statistics: 611126 bytes read, 0 seeks
cur_dts is invalid st:0 (0) [init:1 i_done:0 finish:0] (this is harmless if it occurs once at the start per stream)
[image2 @ 000002523193ea80] Opening 'D:/ART/PersonalProjects/Video/animation/Guppy Bowl/Final/frame0099.png' for reading
[file @ 0000025233346540] Setting default whitelist 'file,crypto,data'
[AVIOContext @ 0000025233349d80] Statistics: 608564 bytes read, 0 seeks
cur_dts is invalid st:0 (0) [init:1 i_done:0 finish:0] (this is harmless if it occurs once at the start per stream)
[image2 @ 000002523193ea80] Opening 'D:/ART/PersonalProjects/Video/animation/Guppy Bowl/Final/frame0100.png' for reading
[file @ 0000025233347440] Setting default whitelist 'file,crypto,data'
[AVIOContext @ 000002523334a040] Statistics: 614452 bytes read, 0 seeks
cur_dts is invalid st:0 (0) [init:1 i_done:0 finish:0] (this is harmless if it occurs once at the start per stream)
[image2 @ 000002523193ea80] Opening 'D:/ART/PersonalProjects/Video/animation/Guppy Bowl/Final/frame0101.png' for reading
[file @ 0000025233346540] Setting default whitelist 'file,crypto,data'
[AVIOContext @ 0000025233349d80] Statistics: 614452 bytes read, 0 seeks
frame=    0 fps=0.0 q=0.0 size=N/A time=00:00:00.00 bitrate=N/A speed=   0x    cur_dts is invalid st:0 (0) [init:1 i_done:0 finish:0] (this is harmless if it occurs once at the start per stream)
[image2 @ 000002523193ea80] Opening 'D:/ART/PersonalProjects/Video/animation/Guppy Bowl/Final/frame0102.png' for reading
[file @ 0000025233347440] Setting default whitelist 'file,crypto,data'
[AVIOContext @ 000002523334a040] Statistics: 610952 bytes read, 0 seeks
cur_dts is invalid st:0 (0) [init:1 i_done:0 finish:0] (this is harmless if it occurs once at the start per stream)
[image2 @ 000002523193ea80] Opening 'D:/ART/PersonalProjects/Video/animation/Guppy Bowl/Final/frame0103.png' for reading
[file @ 0000025233347e40] Setting default whitelist 'file,crypto,data'
[AVIOContext @ 0000025233349d80] Statistics: 610952 bytes read, 0 seeks
cur_dts is invalid st:0 (0) [init:1 i_done:0 finish:0] (this is harmless if it occurs once at the start per stream)
[image2 @ 000002523193ea80] Opening 'D:/ART/PersonalProjects/Video/animation/Guppy Bowl/Final/frame0104.png' for reading
[file @ 0000025233348240] Setting default whitelist 'file,crypto,data'
[AVIOContext @ 0000025233349c40] Statistics: 612570 bytes read, 0 seeks
cur_dts is invalid st:0 (0) [init:1 i_done:0 finish:0] (this is harmless if it occurs once at the start per stream)
[image2 @ 000002523193ea80] Opening 'D:/ART/PersonalProjects/Video/animation/Guppy Bowl/Final/frame0105.png' for reading
[file @ 0000025233347940] Setting default whitelist 'file,crypto,data'
[AVIOContext @ 0000025233349f00] Statistics: 619425 bytes read, 0 seeks
cur_dts is invalid st:0 (0) [init:1 i_done:0 finish:0] (this is harmless if it occurs once at the start per stream)
[image2 @ 000002523193ea80] Opening 'D:/ART/PersonalProjects/Video/animation/Guppy Bowl/Final/frame0106.png' for reading
[file @ 0000025233347940] Setting default whitelist 'file,crypto,data'
[AVIOContext @ 000002523334a180] Statistics: 614984 bytes read, 0 seeks
cur_dts is invalid st:0 (0) [init:1 i_done:0 finish:0] (this is harmless if it occurs once at the start per stream)
[image2 @ 000002523193ea80] Opening 'D:/ART/PersonalProjects/Video/animation/Guppy Bowl/Final/frame0107.png' for reading
[file @ 0000025233346f40] Setting default whitelist 'file,crypto,data'
[AVIOContext @ 000002523334a040] Statistics: 614984 bytes read, 0 seeks
cur_dts is invalid st:0 (0) [init:1 i_done:0 finish:0] (this is harmless if it occurs once at the start per stream)
[image2 @ 000002523193ea80] Opening 'D:/ART/PersonalProjects/Video/animation/Guppy Bowl/Final/frame0108.png' for reading
[file @ 0000025233347240] Setting default whitelist 'file,crypto,data'
[AVIOContext @ 00000252333499c0] Statistics: 609792 bytes read, 0 seeks
cur_dts is invalid st:0 (0) [init:1 i_done:0 finish:0] (this is harmless if it occurs once at the start per stream)
[image2 @ 000002523193ea80] Opening 'D:/ART/PersonalProjects/Video/animation/Guppy Bowl/Final/frame0109.png' for reading
[file @ 0000025233347040] Setting default whitelist 'file,crypto,data'
[AVIOContext @ 00000252333499c0] Statistics: 609792 bytes read, 0 seeks
cur_dts is invalid st:0 (0) [init:1 i_done:0 finish:0] (this is harmless if it occurs once at the start per stream)
[image2 @ 000002523193ea80] Opening 'D:/ART/PersonalProjects/Video/animation/Guppy Bowl/Final/frame0110.png' for reading
[file @ 0000025233347940] Setting default whitelist 'file,crypto,data'
[AVIOContext @ 00000252333495c0] Statistics: 612187 bytes read, 0 seeks
cur_dts is invalid st:0 (0) [init:1 i_done:0 finish:0] (this is harmless if it occurs once at the start per stream)
[image2 @ 000002523193ea80] Opening 'D:/ART/PersonalProjects/Video/animation/Guppy Bowl/Final/frame0111.png' for reading
[file @ 0000025233347440] Setting default whitelist 'file,crypto,data'
[AVIOContext @ 0000025233349840] Statistics: 607578 bytes read, 0 seeks
cur_dts is invalid st:0 (0) [init:1 i_done:0 finish:0] (this is harmless if it occurs once at the start per stream)
[image2 @ 000002523193ea80] Opening 'D:/ART/PersonalProjects/Video/animation/Guppy Bowl/Final/frame0112.png' for reading
[file @ 0000025233348140] Setting default whitelist 'file,crypto,data'
[AVIOContext @ 0000025233349d80] Statistics: 608577 bytes read, 0 seeks
cur_dts is invalid st:0 (0) [init:1 i_done:0 finish:0] (this is harmless if it occurs once at the start per stream)
[image2 @ 000002523193ea80] Opening 'D:/ART/PersonalProjects/Video/animation/Guppy Bowl/Final/frame0113.png' for reading
[file @ 0000025233347a40] Setting default whitelist 'file,crypto,data'
[AVIOContext @ 0000025233349b00] Statistics: 608577 bytes read, 0 seeks
cur_dts is invalid st:0 (0) [init:1 i_done:0 finish:0] (this is harmless if it occurs once at the start per stream)
[image2 @ 000002523193ea80] Opening 'D:/ART/PersonalProjects/Video/animation/Guppy Bowl/Final/frame0114.png' for reading
[file @ 0000025233347a40] Setting default whitelist 'file,crypto,data'
[AVIOContext @ 000002523334a040] Statistics: 603583 bytes read, 0 seeks
cur_dts is invalid st:0 (0) [init:1 i_done:0 finish:0] (this is harmless if it occurs once at the start per stream)
[image2 @ 000002523193ea80] Opening 'D:/ART/PersonalProjects/Video/animation/Guppy Bowl/Final/frame0115.png' for reading
[file @ 0000025233347940] Setting default whitelist 'file,crypto,data'
[AVIOContext @ 0000025233349c40] Statistics: 603583 bytes read, 0 seeks
cur_dts is invalid st:0 (0) [init:1 i_done:0 finish:0] (this is harmless if it occurs once at the start per stream)
[image2 @ 000002523193ea80] Opening 'D:/ART/PersonalProjects/Video/animation/Guppy Bowl/Final/frame0116.png' for reading
[file @ 0000025233347d40] Setting default whitelist 'file,crypto,data'
[AVIOContext @ 0000025233349b00] Statistics: 615438 bytes read, 0 seeks
cur_dts is invalid st:0 (0) [init:1 i_done:0 finish:0] (this is harmless if it occurs once at the start per stream)
[image2 @ 000002523193ea80] Opening 'D:/ART/PersonalProjects/Video/animation/Guppy Bowl/Final/frame0117.png' for reading
[file @ 0000025233346540] Setting default whitelist 'file,crypto,data'
[AVIOContext @ 0000025233349700] Statistics: 622130 bytes read, 0 seeks
cur_dts is invalid st:0 (0) [init:1 i_done:0 finish:0] (this is harmless if it occurs once at the start per stream)
[image2 @ 000002523193ea80] Opening 'D:/ART/PersonalProjects/Video/animation/Guppy Bowl/Final/frame0118.png' for reading
[file @ 0000025233346740] Setting default whitelist 'file,crypto,data'
[AVIOContext @ 000002523334a040] Statistics: 632939 bytes read, 0 seeks
cur_dts is invalid st:0 (0) [init:1 i_done:0 finish:0] (this is harmless if it occurs once at the start per stream)
[image2 @ 000002523193ea80] Opening 'D:/ART/PersonalProjects/Video/animation/Guppy Bowl/Final/frame0119.png' for reading
[file @ 0000025233348240] Setting default whitelist 'file,crypto,data'
[AVIOContext @ 000002523334a180] Statistics: 632939 bytes read, 0 seeks
cur_dts is invalid st:0 (0) [init:1 i_done:0 finish:0] (this is harmless if it occurs once at the start per stream)
[image2 @ 000002523193ea80] Opening 'D:/ART/PersonalProjects/Video/animation/Guppy Bowl/Final/frame0120.png' for reading
[file @ 0000025233347440] Setting default whitelist 'file,crypto,data'
[AVIOContext @ 0000025233349480] Statistics: 631124 bytes read, 0 seeks
cur_dts is invalid st:0 (0) [init:1 i_done:0 finish:0] (this is harmless if it occurs once at the start per stream)
[image2 @ 000002523193ea80] Opening 'D:/ART/PersonalProjects/Video/animation/Guppy Bowl/Final/frame0121.png' for reading
[file @ 0000025233347d40] Setting default whitelist 'file,crypto,data'
[AVIOContext @ 0000025233349700] Statistics: 631124 bytes read, 0 seeks
cur_dts is invalid st:0 (0) [init:1 i_done:0 finish:0] (this is harmless if it occurs once at the start per stream)
[image2 @ 000002523193ea80] Opening 'D:/ART/PersonalProjects/Video/animation/Guppy Bowl/Final/frame0122.png' for reading
[file @ 0000025233346540] Setting default whitelist 'file,crypto,data'
[AVIOContext @ 0000025233349f00] Statistics: 627011 bytes read, 0 seeks
cur_dts is invalid st:0 (0) [init:1 i_done:0 finish:0] (this is harmless if it occurs once at the start per stream)
[image2 @ 000002523193ea80] Opening 'D:/ART/PersonalProjects/Video/animation/Guppy Bowl/Final/frame0123.png' for reading
[file @ 0000025233346440] Setting default whitelist 'file,crypto,data'
[AVIOContext @ 000002523334a040] Statistics: 623177 bytes read, 0 seeks
cur_dts is invalid st:0 (0) [init:1 i_done:0 finish:0] (this is harmless if it occurs once at the start per stream)
[image2 @ 000002523193ea80] Opening 'D:/ART/PersonalProjects/Video/animation/Guppy Bowl/Final/frame0124.png' for reading
[file @ 0000025233347040] Setting default whitelist 'file,crypto,data'
[AVIOContext @ 0000025233349b00] Statistics: 617760 bytes read, 0 seeks
cur_dts is invalid st:0 (0) [init:1 i_done:0 finish:0] (this is harmless if it occurs once at the start per stream)
[image2 @ 000002523193ea80] Opening 'D:/ART/PersonalProjects/Video/animation/Guppy Bowl/Final/frame0125.png' for reading
[file @ 0000025233348040] Setting default whitelist 'file,crypto,data'
[AVIOContext @ 000002523334a040] Statistics: 617760 bytes read, 0 seeks
cur_dts is invalid st:0 (0) [init:1 i_done:0 finish:0] (this is harmless if it occurs once at the start per stream)
[image2 @ 000002523193ea80] Opening 'D:/ART/PersonalProjects/Video/animation/Guppy Bowl/Final/frame0126.png' for reading
[file @ 0000025233347d40] Setting default whitelist 'file,crypto,data'
[AVIOContext @ 000002523334a180] Statistics: 621673 bytes read, 0 seeks
frame=    0 fps=0.0 q=0.0 size=N/A time=00:00:00.00 bitrate=N/A speed=   0x    cur_dts is invalid st:0 (0) [init:1 i_done:0 finish:0] (this is harmless if it occurs once at the start per stream)
[image2 @ 000002523193ea80] Opening 'D:/ART/PersonalProjects/Video/animation/Guppy Bowl/Final/frame0127.png' for reading
[file @ 0000025233346840] Setting default whitelist 'file,crypto,data'
[AVIOContext @ 0000025233349d80] Statistics: 621673 bytes read, 0 seeks
cur_dts is invalid st:0 (0) [init:1 i_done:0 finish:0] (this is harmless if it occurs once at the start per stream)
    Last message repeated 12 times
[Parsed_palettegen_0 @ 0000025230047940] 255(+1) colors generated out of 60568 colors; ratio=0.004210
[Parsed_palettegen_0 @ 0000025230047940] Dupped color: FF3EC5D1
cur_dts is invalid st:0 (0) [init:1 i_done:0 finish:0] (this is harmless if it occurs once at the start per stream)
Clipping frame in rate conversion by 0.000008
cur_dts is invalid st:0 (0) [init:1 i_done:0 finish:0] (this is harmless if it occurs once at the start per stream)
[out_0_0 @ 0000025231942400] EOF on sink link out_0_0:default.
No more output streams to write to, finishing.
[image2 @ 0000025231941100] Opening 'D:/ART/PersonalProjects/Video/animation/Guppy Bowl/Final/palette.png' for writing
[file @ 0000025233347e40] Setting default whitelist 'file,crypto,data'
[AVIOContext @ 0000025233349480] Statistics: 0 seeks, 1 writeouts
frame=    1 fps=0.4 q=-0.0 Lsize=N/A time=00:00:00.04 bitrate=N/A speed=0.0149x    
[AVIOContext @ 000002523193e940] Statistics: 0 seeks, 6 writeouts
video:1kB audio:0kB subtitle:0kB other streams:0kB global headers:0kB muxing overhead: unknown
Input file #0 (D:/ART/PersonalProjects/Video/animation/Guppy Bowl/Final/frame%04d.png):
  Input stream #0:0 (video): 128 packets read (78194620 bytes); 128 frames decoded; 
  Total: 128 packets (78194620 bytes) demuxed
Output file #0 (D:/ART/PersonalProjects/Video/animation/Guppy Bowl/Final/palette.png):
  Output stream #0:0 (video): 1 frames encoded; 1 packets muxed (1009 bytes); 
  Total: 1 packets (1009 bytes) muxed
128 frames successfully decoded, 0 decoding errors
